
*** Running vivado
    with args -log lab2.vds -m64 -product Vivado -mode batch -messageDb vivado.pb -notrace -source lab2.tcl


ECHO is off.
ECHO is off.

****** Vivado v2023.2 (64-bit)
  **** SW Build 4029153 on Fri Oct 13 20:14:34 MDT 2023
  **** IP Build 4028589 on Sat Oct 14 00:45:43 MDT 2023
  **** SharedData Build 4025554 on Tue Oct 10 17:18:54 MDT 2023
    ** Copyright 1986-2022 Xilinx, Inc. All Rights Reserved.
    ** Copyright 2022-2023 Advanced Micro Devices, Inc. All Rights Reserved.

source lab2.tcl -notrace
create_project: Time (s): cpu = 00:00:09 ; elapsed = 00:00:09 . Memory (MB): peak = 472.832 ; gain = 177.887
Command: synth_design -top lab2 -part xc7k70tfbv676-1
Starting synth_design
Attempting to get a license for feature 'Synthesis' and/or device 'xc7k70t'
INFO: [Common 17-349] Got license for feature 'Synthesis' and/or device 'xc7k70t'
INFO: [Device 21-403] Loading part xc7k70tfbv676-1
INFO: [Synth 8-7079] Multithreading enabled for synth_design using a maximum of 2 processes.
INFO: [Synth 8-7078] Launching helper process for spawning children vivado processes
INFO: [Synth 8-7075] Helper process launched with PID 7668
---------------------------------------------------------------------------------
Starting RTL Elaboration : Time (s): cpu = 00:00:09 ; elapsed = 00:00:10 . Memory (MB): peak = 1306.609 ; gain = 439.879
---------------------------------------------------------------------------------
INFO: [Synth 8-6157] synthesizing module 'lab2' [C:/Users/ciast/Downloads/lab3.v:23]
INFO: [Synth 8-6155] done synthesizing module 'lab2' (0#1) [C:/Users/ciast/Downloads/lab3.v:23]
WARNING: [Synth 8-6014] Unused sequential element converter_reg was removed.  [C:/Users/ciast/Downloads/lab3.v:59]
WARNING: [Synth 8-7137] Register out_reg in module lab2 has both Set and reset with same priority. This may cause simulation mismatches. Consider rewriting code  [C:/Users/ciast/Downloads/lab3.v:44]
WARNING: [Synth 8-7137] Register save_reg in module lab2 has both Set and reset with same priority. This may cause simulation mismatches. Consider rewriting code  [C:/Users/ciast/Downloads/lab3.v:58]
WARNING: [Synth 8-7137] Register TXD_o_reg in module lab2 has both Set and reset with same priority. This may cause simulation mismatches. Consider rewriting code  [C:/Users/ciast/Downloads/lab3.v:72]
---------------------------------------------------------------------------------
Finished RTL Elaboration : Time (s): cpu = 00:00:12 ; elapsed = 00:00:13 . Memory (MB): peak = 1414.176 ; gain = 547.445
---------------------------------------------------------------------------------
---------------------------------------------------------------------------------
Start Handling Custom Attributes
---------------------------------------------------------------------------------
---------------------------------------------------------------------------------
Finished Handling Custom Attributes : Time (s): cpu = 00:00:12 ; elapsed = 00:00:13 . Memory (MB): peak = 1414.176 ; gain = 547.445
---------------------------------------------------------------------------------
---------------------------------------------------------------------------------
Finished RTL Optimization Phase 1 : Time (s): cpu = 00:00:12 ; elapsed = 00:00:13 . Memory (MB): peak = 1414.176 ; gain = 547.445
---------------------------------------------------------------------------------
Netlist sorting complete. Time (s): cpu = 00:00:00 ; elapsed = 00:00:00.007 . Memory (MB): peak = 1414.176 ; gain = 0.000
INFO: [Project 1-570] Preparing netlist for logic optimization

Processing XDC Constraints
Initializing timing engine
Parsing XDC File [C:/HDL/lab3_1/lab3_1.srcs/constrs_1/new/lab3.xdc]
Finished Parsing XDC File [C:/HDL/lab3_1/lab3_1.srcs/constrs_1/new/lab3.xdc]
Completed Processing XDC Constraints

Netlist sorting complete. Time (s): cpu = 00:00:00 ; elapsed = 00:00:00 . Memory (MB): peak = 1445.289 ; gain = 0.000
INFO: [Project 1-111] Unisim Transformation Summary:
No Unisim elements were transformed.

System nie mo푘 odnale쳠 okre쁫onej 쁟ie푟i.
Constraint Validation Runtime : Time (s): cpu = 00:00:00 ; elapsed = 00:00:00.006 . Memory (MB): peak = 1445.289 ; gain = 0.000
---------------------------------------------------------------------------------
Finished Constraint Validation : Time (s): cpu = 00:00:24 ; elapsed = 00:00:26 . Memory (MB): peak = 1445.289 ; gain = 578.559
---------------------------------------------------------------------------------
---------------------------------------------------------------------------------
Start Loading Part and Timing Information
---------------------------------------------------------------------------------
Loading part: xc7k70tfbv676-1
---------------------------------------------------------------------------------
Finished Loading Part and Timing Information : Time (s): cpu = 00:00:24 ; elapsed = 00:00:26 . Memory (MB): peak = 1445.289 ; gain = 578.559
---------------------------------------------------------------------------------
---------------------------------------------------------------------------------
Start Applying 'set_property' XDC Constraints
---------------------------------------------------------------------------------
---------------------------------------------------------------------------------
Finished applying 'set_property' XDC Constraints : Time (s): cpu = 00:00:24 ; elapsed = 00:00:26 . Memory (MB): peak = 1445.289 ; gain = 578.559
---------------------------------------------------------------------------------
---------------------------------------------------------------------------------
Finished RTL Optimization Phase 2 : Time (s): cpu = 00:00:25 ; elapsed = 00:00:27 . Memory (MB): peak = 1445.289 ; gain = 578.559
---------------------------------------------------------------------------------
---------------------------------------------------------------------------------
Start RTL Component Statistics 
---------------------------------------------------------------------------------
Detailed RTL Component Info : 
+---Adders : 
	   2 Input   32 Bit       Adders := 2     
	   2 Input   10 Bit       Adders := 1     
	   2 Input    4 Bit       Adders := 1     
+---Registers : 
	               32 Bit    Registers := 2     
	               10 Bit    Registers := 1     
	                1 Bit    Registers := 1     
+---Muxes : 
	   2 Input   32 Bit        Muxes := 6     
	   2 Input   10 Bit        Muxes := 9     
	   2 Input    1 Bit        Muxes := 5     
---------------------------------------------------------------------------------
Finished RTL Component Statistics 
---------------------------------------------------------------------------------
---------------------------------------------------------------------------------
Start Part Resource Summary
---------------------------------------------------------------------------------
Part Resources:
DSPs: 240 (col length:80)
BRAMs: 270 (col length: RAMB18 80 RAMB36 40)
---------------------------------------------------------------------------------
Finished Part Resource Summary
---------------------------------------------------------------------------------
---------------------------------------------------------------------------------
Start Cross Boundary and Area Optimization
---------------------------------------------------------------------------------
WARNING: [Synth 8-7080] Parallel synthesis criteria is not met
WARNING: [Synth 8-3332] Sequential element (out_reg[9]_LDC) is unused and will be removed from module lab2.
WARNING: [Synth 8-3332] Sequential element (out_reg[9]_C) is unused and will be removed from module lab2.
WARNING: [Synth 8-3332] Sequential element (out_reg[8]_LDC) is unused and will be removed from module lab2.
WARNING: [Synth 8-3332] Sequential element (out_reg[8]_C) is unused and will be removed from module lab2.
WARNING: [Synth 8-3332] Sequential element (out_reg[7]_LDC) is unused and will be removed from module lab2.
WARNING: [Synth 8-3332] Sequential element (out_reg[7]_C) is unused and will be removed from module lab2.
WARNING: [Synth 8-3332] Sequential element (out_reg[6]_LDC) is unused and will be removed from module lab2.
WARNING: [Synth 8-3332] Sequential element (out_reg[6]_C) is unused and will be removed from module lab2.
WARNING: [Synth 8-3332] Sequential element (out_reg[5]_LDC) is unused and will be removed from module lab2.
WARNING: [Synth 8-3332] Sequential element (out_reg[5]_C) is unused and will be removed from module lab2.
WARNING: [Synth 8-3332] Sequential element (out_reg[4]_LDC) is unused and will be removed from module lab2.
WARNING: [Synth 8-3332] Sequential element (out_reg[4]_C) is unused and will be removed from module lab2.
WARNING: [Synth 8-3332] Sequential element (out_reg[3]_LDC) is unused and will be removed from module lab2.
WARNING: [Synth 8-3332] Sequential element (out_reg[3]_C) is unused and will be removed from module lab2.
WARNING: [Synth 8-3332] Sequential element (out_reg[2]_LDC) is unused and will be removed from module lab2.
WARNING: [Synth 8-3332] Sequential element (out_reg[2]_C) is unused and will be removed from module lab2.
WARNING: [Synth 8-3332] Sequential element (out_reg[1]_LDC) is unused and will be removed from module lab2.
WARNING: [Synth 8-3332] Sequential element (out_reg[1]_C) is unused and will be removed from module lab2.
WARNING: [Synth 8-3332] Sequential element (out_reg[0]_LDC) is unused and will be removed from module lab2.
WARNING: [Synth 8-3332] Sequential element (out_reg[0]_C) is unused and will be removed from module lab2.
---------------------------------------------------------------------------------
Finished Cross Boundary and Area Optimization : Time (s): cpu = 00:00:29 ; elapsed = 00:00:31 . Memory (MB): peak = 1445.289 ; gain = 578.559
---------------------------------------------------------------------------------
---------------------------------------------------------------------------------
Start Applying XDC Timing Constraints
---------------------------------------------------------------------------------
---------------------------------------------------------------------------------
Finished Applying XDC Timing Constraints : Time (s): cpu = 00:00:37 ; elapsed = 00:00:40 . Memory (MB): peak = 1445.289 ; gain = 578.559
---------------------------------------------------------------------------------
---------------------------------------------------------------------------------
Start Timing Optimization
---------------------------------------------------------------------------------
---------------------------------------------------------------------------------
Finished Timing Optimization : Time (s): cpu = 00:00:37 ; elapsed = 00:00:40 . Memory (MB): peak = 1445.289 ; gain = 578.559
---------------------------------------------------------------------------------
---------------------------------------------------------------------------------
Start Technology Mapping
---------------------------------------------------------------------------------
---------------------------------------------------------------------------------
Finished Technology Mapping : Time (s): cpu = 00:00:38 ; elapsed = 00:00:40 . Memory (MB): peak = 1445.289 ; gain = 578.559
---------------------------------------------------------------------------------
---------------------------------------------------------------------------------
Start IO Insertion
---------------------------------------------------------------------------------
---------------------------------------------------------------------------------
Start Flattening Before IO Insertion
---------------------------------------------------------------------------------
---------------------------------------------------------------------------------
Finished Flattening Before IO Insertion
---------------------------------------------------------------------------------
---------------------------------------------------------------------------------
Start Final Netlist Cleanup
---------------------------------------------------------------------------------
---------------------------------------------------------------------------------
Finished Final Netlist Cleanup
---------------------------------------------------------------------------------
---------------------------------------------------------------------------------
Finished IO Insertion : Time (s): cpu = 00:00:46 ; elapsed = 00:00:48 . Memory (MB): peak = 1445.289 ; gain = 578.559
---------------------------------------------------------------------------------
---------------------------------------------------------------------------------
Start Renaming Generated Instances
---------------------------------------------------------------------------------
---------------------------------------------------------------------------------
Finished Renaming Generated Instances : Time (s): cpu = 00:00:46 ; elapsed = 00:00:48 . Memory (MB): peak = 1445.289 ; gain = 578.559
---------------------------------------------------------------------------------
---------------------------------------------------------------------------------
Start Rebuilding User Hierarchy
---------------------------------------------------------------------------------
---------------------------------------------------------------------------------
Finished Rebuilding User Hierarchy : Time (s): cpu = 00:00:46 ; elapsed = 00:00:48 . Memory (MB): peak = 1445.289 ; gain = 578.559
---------------------------------------------------------------------------------
---------------------------------------------------------------------------------
Start Renaming Generated Ports
---------------------------------------------------------------------------------
---------------------------------------------------------------------------------
Finished Renaming Generated Ports : Time (s): cpu = 00:00:46 ; elapsed = 00:00:48 . Memory (MB): peak = 1445.289 ; gain = 578.559
---------------------------------------------------------------------------------
---------------------------------------------------------------------------------
Start Handling Custom Attributes
---------------------------------------------------------------------------------
---------------------------------------------------------------------------------
Finished Handling Custom Attributes : Time (s): cpu = 00:00:46 ; elapsed = 00:00:48 . Memory (MB): peak = 1445.289 ; gain = 578.559
---------------------------------------------------------------------------------
---------------------------------------------------------------------------------
Start Renaming Generated Nets
---------------------------------------------------------------------------------
---------------------------------------------------------------------------------
Finished Renaming Generated Nets : Time (s): cpu = 00:00:46 ; elapsed = 00:00:48 . Memory (MB): peak = 1445.289 ; gain = 578.559
---------------------------------------------------------------------------------
---------------------------------------------------------------------------------
Start Writing Synthesis Report
---------------------------------------------------------------------------------

Report BlackBoxes: 
+-+--------------+----------+
| |BlackBox name |Instances |
+-+--------------+----------+
+-+--------------+----------+

Report Cell Usage: 
+------+-------+------+
|      |Cell   |Count |
+------+-------+------+
|1     |BUFG   |     1|
|2     |CARRY4 |    24|
|3     |LUT1   |     1|
|4     |LUT2   |    96|
|5     |LUT3   |    12|
|6     |LUT4   |     8|
|7     |LUT5   |    10|
|8     |LUT6   |    13|
|9     |FDCE   |    31|
|10    |FDPE   |    11|
|11    |FDRE   |    33|
|12    |IBUF   |     3|
|13    |OBUF   |     1|
+------+-------+------+
---------------------------------------------------------------------------------
Finished Writing Synthesis Report : Time (s): cpu = 00:00:46 ; elapsed = 00:00:48 . Memory (MB): peak = 1445.289 ; gain = 578.559
---------------------------------------------------------------------------------
Synthesis finished with 0 errors, 0 critical warnings and 21 warnings.
Synthesis Optimization Runtime : Time (s): cpu = 00:00:31 ; elapsed = 00:00:45 . Memory (MB): peak = 1445.289 ; gain = 547.445
Synthesis Optimization Complete : Time (s): cpu = 00:00:46 ; elapsed = 00:00:48 . Memory (MB): peak = 1445.289 ; gain = 578.559
INFO: [Project 1-571] Translating synthesized netlist
Netlist sorting complete. Time (s): cpu = 00:00:00 ; elapsed = 00:00:00.005 . Memory (MB): peak = 1445.289 ; gain = 0.000
INFO: [Netlist 29-17] Analyzing 24 Unisim elements for replacement
INFO: [Netlist 29-28] Unisim Transformation completed in 0 CPU seconds
INFO: [Project 1-570] Preparing netlist for logic optimization
INFO: [Opt 31-138] Pushed 0 inverter(s) to 0 load pin(s).
Netlist sorting complete. Time (s): cpu = 00:00:00 ; elapsed = 00:00:00 . Memory (MB): peak = 1445.289 ; gain = 0.000
INFO: [Project 1-111] Unisim Transformation Summary:
No Unisim elements were transformed.

System nie mo푘 odnale쳠 okre쁫onej 쁟ie푟i.
Synth Design complete | Checksum: e288d89a
INFO: [Common 17-83] Releasing license: Synthesis
16 Infos, 25 Warnings, 0 Critical Warnings and 0 Errors encountered.
synth_design completed successfully
synth_design: Time (s): cpu = 00:00:52 ; elapsed = 00:01:12 . Memory (MB): peak = 1445.289 ; gain = 972.457
Write ShapeDB Complete: Time (s): cpu = 00:00:00 ; elapsed = 00:00:00.002 . Memory (MB): peak = 1445.289 ; gain = 0.000
INFO: [Common 17-1381] The checkpoint 'C:/HDL/lab3_1/lab3_1.runs/synth_1/lab2.dcp' has been generated.
INFO: [runtcl-4] Executing : report_utilization -file lab2_utilization_synth.rpt -pb lab2_utilization_synth.pb
INFO: [Common 17-206] Exiting Vivado at Wed May  7 07:28:52 2025...
