
*** Running vivado
    with args -log lab2.vds -m64 -product Vivado -mode batch -messageDb vivado.pb -notrace -source lab2.tcl


ECHO is off.
ECHO is off.

****** Vivado v2023.2 (64-bit)
  **** SW Build 4029153 on Fri Oct 13 20:14:34 MDT 2023
  **** IP Build 4028589 on Sat Oct 14 00:45:43 MDT 2023
  **** SharedData Build 4025554 on Tue Oct 10 17:18:54 MDT 2023
    ** Copyright 1986-2022 Xilinx, Inc. All Rights Reserved.
    ** Copyright 2022-2023 Advanced Micro Devices, Inc. All Rights Reserved.

source lab2.tcl -notrace
create_project: Time (s): cpu = 00:00:08 ; elapsed = 00:00:09 . Memory (MB): peak = 474.172 ; gain = 178.109
Command: read_checkpoint -auto_incremental -incremental C:/HDL/lab2/lab2.srcs/utils_1/imports/synth_1/lab2.dcp
INFO: [Vivado 12-5825] Read reference checkpoint from C:/HDL/lab2/lab2.srcs/utils_1/imports/synth_1/lab2.dcp for incremental synthesis
INFO: [Vivado 12-7989] Please ensure there are no constraint changes
Command: synth_design -top lab2 -part xc7a100tcsg324-1
Starting synth_design
Attempting to get a license for feature 'Synthesis' and/or device 'xc7a100t'
INFO: [Common 17-349] Got license for feature 'Synthesis' and/or device 'xc7a100t'
INFO: [Device 21-403] Loading part xc7a100tcsg324-1

*** Running vivado
    with args -log lab2.vds -m64 -product Vivado -mode batch -messageDb vivado.pb -notrace -source lab2.tcl


ECHO is off.
ECHO is off.

****** Vivado v2023.2 (64-bit)
  **** SW Build 4029153 on Fri Oct 13 20:14:34 MDT 2023
  **** IP Build 4028589 on Sat Oct 14 00:45:43 MDT 2023
  **** SharedData Build 4025554 on Tue Oct 10 17:18:54 MDT 2023
    ** Copyright 1986-2022 Xilinx, Inc. All Rights Reserved.
    ** Copyright 2022-2023 Advanced Micro Devices, Inc. All Rights Reserved.

source lab2.tcl -notrace
create_project: Time (s): cpu = 00:00:09 ; elapsed = 00:00:10 . Memory (MB): peak = 472.680 ; gain = 181.531
Command: read_checkpoint -auto_incremental -incremental C:/HDL/lab2/lab2.srcs/utils_1/imports/synth_1/lab2.dcp
INFO: [Vivado 12-5825] Read reference checkpoint from C:/HDL/lab2/lab2.srcs/utils_1/imports/synth_1/lab2.dcp for incremental synthesis
INFO: [Vivado 12-7989] Please ensure there are no constraint changes
Command: synth_design -top lab2 -part xc7a100tcsg324-1
Starting synth_design
Attempting to get a license for feature 'Synthesis' and/or device 'xc7a100t'
INFO: [Common 17-349] Got license for feature 'Synthesis' and/or device 'xc7a100t'
INFO: [Device 21-403] Loading part xc7a100tcsg324-1
INFO: [Designutils 20-5440] No compile time benefit to using incremental synthesis; A full resynthesis will be run
INFO: [Designutils 20-4379] Flow is switching to default flow due to incremental criteria not met. If you would like to alter this behaviour and have the flow terminate instead, please set the following parameter config_implementation {autoIncr.Synth.RejectBehavior Terminate}
INFO: [Synth 8-7079] Multithreading enabled for synth_design using a maximum of 2 processes.
INFO: [Synth 8-7078] Launching helper process for spawning children vivado processes
INFO: [Synth 8-7075] Helper process launched with PID 18852
---------------------------------------------------------------------------------
Starting RTL Elaboration : Time (s): cpu = 00:00:09 ; elapsed = 00:00:10 . Memory (MB): peak = 1327.137 ; gain = 439.746
---------------------------------------------------------------------------------
INFO: [Synth 8-6157] synthesizing module 'lab2' [C:/HDL/lab2/lab2.srcs/sources_1/new/lab2.v:23]
WARNING: [Synth 8-567] referenced signal 'stop' should be on the sensitivity list [C:/HDL/lab2/lab2.srcs/sources_1/new/lab2.v:56]
INFO: [Synth 8-6155] done synthesizing module 'lab2' (0#1) [C:/HDL/lab2/lab2.srcs/sources_1/new/lab2.v:23]
WARNING: [Synth 8-3917] design lab2 has port led_o driven by constant 0
WARNING: [Synth 8-7129] Port rst_i in module lab2 is either unconnected or has no load
---------------------------------------------------------------------------------
Finished RTL Elaboration : Time (s): cpu = 00:00:12 ; elapsed = 00:00:13 . Memory (MB): peak = 1434.281 ; gain = 546.891
---------------------------------------------------------------------------------
---------------------------------------------------------------------------------
Start Handling Custom Attributes
---------------------------------------------------------------------------------
---------------------------------------------------------------------------------
Finished Handling Custom Attributes : Time (s): cpu = 00:00:12 ; elapsed = 00:00:13 . Memory (MB): peak = 1434.281 ; gain = 546.891
---------------------------------------------------------------------------------
---------------------------------------------------------------------------------
Finished RTL Optimization Phase 1 : Time (s): cpu = 00:00:12 ; elapsed = 00:00:13 . Memory (MB): peak = 1434.281 ; gain = 546.891
---------------------------------------------------------------------------------
Netlist sorting complete. Time (s): cpu = 00:00:00 ; elapsed = 00:00:00.002 . Memory (MB): peak = 1434.281 ; gain = 0.000
INFO: [Project 1-570] Preparing netlist for logic optimization

Processing XDC Constraints
Initializing timing engine
Parsing XDC File [C:/HDL/lab2/lab2.srcs/constrs_1/new/lab2.xdc]
Finished Parsing XDC File [C:/HDL/lab2/lab2.srcs/constrs_1/new/lab2.xdc]
INFO: [Project 1-236] Implementation specific constraints were found while reading constraint file [C:/HDL/lab2/lab2.srcs/constrs_1/new/lab2.xdc]. These constraints will be ignored for synthesis but will be used in implementation. Impacted constraints are listed in the file [.Xil/lab2_propImpl.xdc].
Resolution: To avoid this warning, move constraints listed in [.Xil/lab2_propImpl.xdc] to another XDC file and exclude this new file from synthesis with the used_in_synthesis property (File Properties dialog in GUI) and re-run elaboration/synthesis.
Completed Processing XDC Constraints

Netlist sorting complete. Time (s): cpu = 00:00:00 ; elapsed = 00:00:00 . Memory (MB): peak = 1503.684 ; gain = 0.000
INFO: [Project 1-111] Unisim Transformation Summary:
No Unisim elements were transformed.

System nie mo푘 odnale쳠 okre쁫onej 쁟ie푟i.
Constraint Validation Runtime : Time (s): cpu = 00:00:00 ; elapsed = 00:00:00.003 . Memory (MB): peak = 1503.684 ; gain = 0.000
INFO: [Designutils 20-5440] No compile time benefit to using incremental synthesis; A full resynthesis will be run
INFO: [Designutils 20-4379] Flow is switching to default flow due to incremental criteria not met. If you would like to alter this behaviour and have the flow terminate instead, please set the following parameter config_implementation {autoIncr.Synth.RejectBehavior Terminate}
---------------------------------------------------------------------------------
Finished Constraint Validation : Time (s): cpu = 00:00:25 ; elapsed = 00:00:26 . Memory (MB): peak = 1503.684 ; gain = 616.293
---------------------------------------------------------------------------------
---------------------------------------------------------------------------------
Start Loading Part and Timing Information
---------------------------------------------------------------------------------
Loading part: xc7a100tcsg324-1
---------------------------------------------------------------------------------
Finished Loading Part and Timing Information : Time (s): cpu = 00:00:25 ; elapsed = 00:00:26 . Memory (MB): peak = 1503.684 ; gain = 616.293
---------------------------------------------------------------------------------
---------------------------------------------------------------------------------
Start Applying 'set_property' XDC Constraints
---------------------------------------------------------------------------------
---------------------------------------------------------------------------------
Finished applying 'set_property' XDC Constraints : Time (s): cpu = 00:00:25 ; elapsed = 00:00:26 . Memory (MB): peak = 1503.684 ; gain = 616.293
---------------------------------------------------------------------------------
---------------------------------------------------------------------------------
Finished RTL Optimization Phase 2 : Time (s): cpu = 00:00:25 ; elapsed = 00:00:27 . Memory (MB): peak = 1503.684 ; gain = 616.293
---------------------------------------------------------------------------------
---------------------------------------------------------------------------------
Start RTL Component Statistics 
---------------------------------------------------------------------------------
Detailed RTL Component Info : 
+---Adders : 
	   2 Input   32 Bit       Adders := 1     
+---Registers : 
	               32 Bit    Registers := 1     
	                1 Bit    Registers := 1     
---------------------------------------------------------------------------------
Finished RTL Component Statistics 
---------------------------------------------------------------------------------
---------------------------------------------------------------------------------
Start Part Resource Summary
---------------------------------------------------------------------------------
Part Resources:
DSPs: 240 (col length:80)
BRAMs: 270 (col length: RAMB18 80 RAMB36 40)
---------------------------------------------------------------------------------
Finished Part Resource Summary
---------------------------------------------------------------------------------
---------------------------------------------------------------------------------
Start Cross Boundary and Area Optimization
---------------------------------------------------------------------------------
WARNING: [Synth 8-7080] Parallel synthesis criteria is not met
WARNING: [Synth 8-3917] design lab2 has port led_o driven by constant 0
WARNING: [Synth 8-7129] Port rst_i in module lab2 is either unconnected or has no load
CRITICAL WARNING: [Synth 8-6859] multi-driven net on pin count_reg[31] with 1st driver pin 'count_reg[31]/Q' [C:/HDL/lab2/lab2.srcs/sources_1/new/lab2.v:41]
CRITICAL WARNING: [Synth 8-6859] multi-driven net on pin count_reg[31] with 2nd driver pin 'GND' [C:/HDL/lab2/lab2.srcs/sources_1/new/lab2.v:41]
CRITICAL WARNING: [Synth 8-6858] multi-driven net count_reg[31] is connected to at least one constant driver which has been preserved, other driver is ignored [C:/HDL/lab2/lab2.srcs/sources_1/new/lab2.v:41]
CRITICAL WARNING: [Synth 8-6859] multi-driven net on pin count_reg[30] with 1st driver pin 'count_reg[30]/Q' [C:/HDL/lab2/lab2.srcs/sources_1/new/lab2.v:41]
CRITICAL WARNING: [Synth 8-6859] multi-driven net on pin count_reg[30] with 2nd driver pin 'GND' [C:/HDL/lab2/lab2.srcs/sources_1/new/lab2.v:41]
CRITICAL WARNING: [Synth 8-6858] multi-driven net count_reg[30] is connected to at least one constant driver which has been preserved, other driver is ignored [C:/HDL/lab2/lab2.srcs/sources_1/new/lab2.v:41]
CRITICAL WARNING: [Synth 8-6859] multi-driven net on pin count_reg[29] with 1st driver pin 'count_reg[29]/Q' [C:/HDL/lab2/lab2.srcs/sources_1/new/lab2.v:41]
CRITICAL WARNING: [Synth 8-6859] multi-driven net on pin count_reg[29] with 2nd driver pin 'GND' [C:/HDL/lab2/lab2.srcs/sources_1/new/lab2.v:41]
CRITICAL WARNING: [Synth 8-6858] multi-driven net count_reg[29] is connected to at least one constant driver which has been preserved, other driver is ignored [C:/HDL/lab2/lab2.srcs/sources_1/new/lab2.v:41]
CRITICAL WARNING: [Synth 8-6859] multi-driven net on pin count_reg[28] with 1st driver pin 'count_reg[28]/Q' [C:/HDL/lab2/lab2.srcs/sources_1/new/lab2.v:41]
CRITICAL WARNING: [Synth 8-6859] multi-driven net on pin count_reg[28] with 2nd driver pin 'GND' [C:/HDL/lab2/lab2.srcs/sources_1/new/lab2.v:41]
CRITICAL WARNING: [Synth 8-6858] multi-driven net count_reg[28] is connected to at least one constant driver which has been preserved, other driver is ignored [C:/HDL/lab2/lab2.srcs/sources_1/new/lab2.v:41]
CRITICAL WARNING: [Synth 8-6859] multi-driven net on pin count_reg[27] with 1st driver pin 'count_reg[27]/Q' [C:/HDL/lab2/lab2.srcs/sources_1/new/lab2.v:41]
CRITICAL WARNING: [Synth 8-6859] multi-driven net on pin count_reg[27] with 2nd driver pin 'GND' [C:/HDL/lab2/lab2.srcs/sources_1/new/lab2.v:41]
CRITICAL WARNING: [Synth 8-6858] multi-driven net count_reg[27] is connected to at least one constant driver which has been preserved, other driver is ignored [C:/HDL/lab2/lab2.srcs/sources_1/new/lab2.v:41]
CRITICAL WARNING: [Synth 8-6859] multi-driven net on pin count_reg[26] with 1st driver pin 'count_reg[26]/Q' [C:/HDL/lab2/lab2.srcs/sources_1/new/lab2.v:41]
CRITICAL WARNING: [Synth 8-6859] multi-driven net on pin count_reg[26] with 2nd driver pin 'GND' [C:/HDL/lab2/lab2.srcs/sources_1/new/lab2.v:41]
CRITICAL WARNING: [Synth 8-6858] multi-driven net count_reg[26] is connected to at least one constant driver which has been preserved, other driver is ignored [C:/HDL/lab2/lab2.srcs/sources_1/new/lab2.v:41]
CRITICAL WARNING: [Synth 8-6859] multi-driven net on pin count_reg[25] with 1st driver pin 'count_reg[25]/Q' [C:/HDL/lab2/lab2.srcs/sources_1/new/lab2.v:41]
CRITICAL WARNING: [Synth 8-6859] multi-driven net on pin count_reg[25] with 2nd driver pin 'GND' [C:/HDL/lab2/lab2.srcs/sources_1/new/lab2.v:41]
CRITICAL WARNING: [Synth 8-6858] multi-driven net count_reg[25] is connected to at least one constant driver which has been preserved, other driver is ignored [C:/HDL/lab2/lab2.srcs/sources_1/new/lab2.v:41]
CRITICAL WARNING: [Synth 8-6859] multi-driven net on pin count_reg[24] with 1st driver pin 'count_reg[24]/Q' [C:/HDL/lab2/lab2.srcs/sources_1/new/lab2.v:41]
CRITICAL WARNING: [Synth 8-6859] multi-driven net on pin count_reg[24] with 2nd driver pin 'GND' [C:/HDL/lab2/lab2.srcs/sources_1/new/lab2.v:41]
CRITICAL WARNING: [Synth 8-6858] multi-driven net count_reg[24] is connected to at least one constant driver which has been preserved, other driver is ignored [C:/HDL/lab2/lab2.srcs/sources_1/new/lab2.v:41]
CRITICAL WARNING: [Synth 8-6859] multi-driven net on pin count_reg[23] with 1st driver pin 'count_reg[23]/Q' [C:/HDL/lab2/lab2.srcs/sources_1/new/lab2.v:41]
CRITICAL WARNING: [Synth 8-6859] multi-driven net on pin count_reg[23] with 2nd driver pin 'GND' [C:/HDL/lab2/lab2.srcs/sources_1/new/lab2.v:41]
CRITICAL WARNING: [Synth 8-6858] multi-driven net count_reg[23] is connected to at least one constant driver which has been preserved, other driver is ignored [C:/HDL/lab2/lab2.srcs/sources_1/new/lab2.v:41]
CRITICAL WARNING: [Synth 8-6859] multi-driven net on pin count_reg[22] with 1st driver pin 'count_reg[22]/Q' [C:/HDL/lab2/lab2.srcs/sources_1/new/lab2.v:41]
CRITICAL WARNING: [Synth 8-6859] multi-driven net on pin count_reg[22] with 2nd driver pin 'GND' [C:/HDL/lab2/lab2.srcs/sources_1/new/lab2.v:41]
CRITICAL WARNING: [Synth 8-6858] multi-driven net count_reg[22] is connected to at least one constant driver which has been preserved, other driver is ignored [C:/HDL/lab2/lab2.srcs/sources_1/new/lab2.v:41]
CRITICAL WARNING: [Synth 8-6859] multi-driven net on pin count_reg[21] with 1st driver pin 'count_reg[21]/Q' [C:/HDL/lab2/lab2.srcs/sources_1/new/lab2.v:41]
CRITICAL WARNING: [Synth 8-6859] multi-driven net on pin count_reg[21] with 2nd driver pin 'GND' [C:/HDL/lab2/lab2.srcs/sources_1/new/lab2.v:41]
CRITICAL WARNING: [Synth 8-6858] multi-driven net count_reg[21] is connected to at least one constant driver which has been preserved, other driver is ignored [C:/HDL/lab2/lab2.srcs/sources_1/new/lab2.v:41]
CRITICAL WARNING: [Synth 8-6859] multi-driven net on pin count_reg[20] with 1st driver pin 'count_reg[20]/Q' [C:/HDL/lab2/lab2.srcs/sources_1/new/lab2.v:41]
CRITICAL WARNING: [Synth 8-6859] multi-driven net on pin count_reg[20] with 2nd driver pin 'GND' [C:/HDL/lab2/lab2.srcs/sources_1/new/lab2.v:41]
CRITICAL WARNING: [Synth 8-6858] multi-driven net count_reg[20] is connected to at least one constant driver which has been preserved, other driver is ignored [C:/HDL/lab2/lab2.srcs/sources_1/new/lab2.v:41]
CRITICAL WARNING: [Synth 8-6859] multi-driven net on pin count_reg[19] with 1st driver pin 'count_reg[19]/Q' [C:/HDL/lab2/lab2.srcs/sources_1/new/lab2.v:41]
CRITICAL WARNING: [Synth 8-6859] multi-driven net on pin count_reg[19] with 2nd driver pin 'GND' [C:/HDL/lab2/lab2.srcs/sources_1/new/lab2.v:41]
CRITICAL WARNING: [Synth 8-6858] multi-driven net count_reg[19] is connected to at least one constant driver which has been preserved, other driver is ignored [C:/HDL/lab2/lab2.srcs/sources_1/new/lab2.v:41]
CRITICAL WARNING: [Synth 8-6859] multi-driven net on pin count_reg[18] with 1st driver pin 'count_reg[18]/Q' [C:/HDL/lab2/lab2.srcs/sources_1/new/lab2.v:41]
CRITICAL WARNING: [Synth 8-6859] multi-driven net on pin count_reg[18] with 2nd driver pin 'GND' [C:/HDL/lab2/lab2.srcs/sources_1/new/lab2.v:41]
CRITICAL WARNING: [Synth 8-6858] multi-driven net count_reg[18] is connected to at least one constant driver which has been preserved, other driver is ignored [C:/HDL/lab2/lab2.srcs/sources_1/new/lab2.v:41]
CRITICAL WARNING: [Synth 8-6859] multi-driven net on pin count_reg[17] with 1st driver pin 'count_reg[17]/Q' [C:/HDL/lab2/lab2.srcs/sources_1/new/lab2.v:41]
CRITICAL WARNING: [Synth 8-6859] multi-driven net on pin count_reg[17] with 2nd driver pin 'GND' [C:/HDL/lab2/lab2.srcs/sources_1/new/lab2.v:41]
CRITICAL WARNING: [Synth 8-6858] multi-driven net count_reg[17] is connected to at least one constant driver which has been preserved, other driver is ignored [C:/HDL/lab2/lab2.srcs/sources_1/new/lab2.v:41]
CRITICAL WARNING: [Synth 8-6859] multi-driven net on pin count_reg[16] with 1st driver pin 'count_reg[16]/Q' [C:/HDL/lab2/lab2.srcs/sources_1/new/lab2.v:41]
CRITICAL WARNING: [Synth 8-6859] multi-driven net on pin count_reg[16] with 2nd driver pin 'GND' [C:/HDL/lab2/lab2.srcs/sources_1/new/lab2.v:41]
CRITICAL WARNING: [Synth 8-6858] multi-driven net count_reg[16] is connected to at least one constant driver which has been preserved, other driver is ignored [C:/HDL/lab2/lab2.srcs/sources_1/new/lab2.v:41]
CRITICAL WARNING: [Synth 8-6859] multi-driven net on pin count_reg[15] with 1st driver pin 'count_reg[15]/Q' [C:/HDL/lab2/lab2.srcs/sources_1/new/lab2.v:41]
CRITICAL WARNING: [Synth 8-6859] multi-driven net on pin count_reg[15] with 2nd driver pin 'GND' [C:/HDL/lab2/lab2.srcs/sources_1/new/lab2.v:41]
CRITICAL WARNING: [Synth 8-6858] multi-driven net count_reg[15] is connected to at least one constant driver which has been preserved, other driver is ignored [C:/HDL/lab2/lab2.srcs/sources_1/new/lab2.v:41]
CRITICAL WARNING: [Synth 8-6859] multi-driven net on pin count_reg[14] with 1st driver pin 'count_reg[14]/Q' [C:/HDL/lab2/lab2.srcs/sources_1/new/lab2.v:41]
CRITICAL WARNING: [Synth 8-6859] multi-driven net on pin count_reg[14] with 2nd driver pin 'GND' [C:/HDL/lab2/lab2.srcs/sources_1/new/lab2.v:41]
CRITICAL WARNING: [Synth 8-6858] multi-driven net count_reg[14] is connected to at least one constant driver which has been preserved, other driver is ignored [C:/HDL/lab2/lab2.srcs/sources_1/new/lab2.v:41]
CRITICAL WARNING: [Synth 8-6859] multi-driven net on pin count_reg[13] with 1st driver pin 'count_reg[13]/Q' [C:/HDL/lab2/lab2.srcs/sources_1/new/lab2.v:41]
CRITICAL WARNING: [Synth 8-6859] multi-driven net on pin count_reg[13] with 2nd driver pin 'GND' [C:/HDL/lab2/lab2.srcs/sources_1/new/lab2.v:41]
CRITICAL WARNING: [Synth 8-6858] multi-driven net count_reg[13] is connected to at least one constant driver which has been preserved, other driver is ignored [C:/HDL/lab2/lab2.srcs/sources_1/new/lab2.v:41]
CRITICAL WARNING: [Synth 8-6859] multi-driven net on pin count_reg[12] with 1st driver pin 'count_reg[12]/Q' [C:/HDL/lab2/lab2.srcs/sources_1/new/lab2.v:41]
CRITICAL WARNING: [Synth 8-6859] multi-driven net on pin count_reg[12] with 2nd driver pin 'GND' [C:/HDL/lab2/lab2.srcs/sources_1/new/lab2.v:41]
CRITICAL WARNING: [Synth 8-6858] multi-driven net count_reg[12] is connected to at least one constant driver which has been preserved, other driver is ignored [C:/HDL/lab2/lab2.srcs/sources_1/new/lab2.v:41]
CRITICAL WARNING: [Synth 8-6859] multi-driven net on pin count_reg[11] with 1st driver pin 'count_reg[11]/Q' [C:/HDL/lab2/lab2.srcs/sources_1/new/lab2.v:41]
CRITICAL WARNING: [Synth 8-6859] multi-driven net on pin count_reg[11] with 2nd driver pin 'GND' [C:/HDL/lab2/lab2.srcs/sources_1/new/lab2.v:41]
CRITICAL WARNING: [Synth 8-6858] multi-driven net count_reg[11] is connected to at least one constant driver which has been preserved, other driver is ignored [C:/HDL/lab2/lab2.srcs/sources_1/new/lab2.v:41]
CRITICAL WARNING: [Synth 8-6859] multi-driven net on pin count_reg[10] with 1st driver pin 'count_reg[10]/Q' [C:/HDL/lab2/lab2.srcs/sources_1/new/lab2.v:41]
CRITICAL WARNING: [Synth 8-6859] multi-driven net on pin count_reg[10] with 2nd driver pin 'GND' [C:/HDL/lab2/lab2.srcs/sources_1/new/lab2.v:41]
CRITICAL WARNING: [Synth 8-6858] multi-driven net count_reg[10] is connected to at least one constant driver which has been preserved, other driver is ignored [C:/HDL/lab2/lab2.srcs/sources_1/new/lab2.v:41]
CRITICAL WARNING: [Synth 8-6859] multi-driven net on pin count_reg[9] with 1st driver pin 'count_reg[9]/Q' [C:/HDL/lab2/lab2.srcs/sources_1/new/lab2.v:41]
CRITICAL WARNING: [Synth 8-6859] multi-driven net on pin count_reg[9] with 2nd driver pin 'GND' [C:/HDL/lab2/lab2.srcs/sources_1/new/lab2.v:41]
CRITICAL WARNING: [Synth 8-6858] multi-driven net count_reg[9] is connected to at least one constant driver which has been preserved, other driver is ignored [C:/HDL/lab2/lab2.srcs/sources_1/new/lab2.v:41]
CRITICAL WARNING: [Synth 8-6859] multi-driven net on pin count_reg[8] with 1st driver pin 'count_reg[8]/Q' [C:/HDL/lab2/lab2.srcs/sources_1/new/lab2.v:41]
CRITICAL WARNING: [Synth 8-6859] multi-driven net on pin count_reg[8] with 2nd driver pin 'GND' [C:/HDL/lab2/lab2.srcs/sources_1/new/lab2.v:41]
CRITICAL WARNING: [Synth 8-6858] multi-driven net count_reg[8] is connected to at least one constant driver which has been preserved, other driver is ignored [C:/HDL/lab2/lab2.srcs/sources_1/new/lab2.v:41]
CRITICAL WARNING: [Synth 8-6859] multi-driven net on pin count_reg[7] with 1st driver pin 'count_reg[7]/Q' [C:/HDL/lab2/lab2.srcs/sources_1/new/lab2.v:41]
CRITICAL WARNING: [Synth 8-6859] multi-driven net on pin count_reg[7] with 2nd driver pin 'GND' [C:/HDL/lab2/lab2.srcs/sources_1/new/lab2.v:41]
CRITICAL WARNING: [Synth 8-6858] multi-driven net count_reg[7] is connected to at least one constant driver which has been preserved, other driver is ignored [C:/HDL/lab2/lab2.srcs/sources_1/new/lab2.v:41]
CRITICAL WARNING: [Synth 8-6859] multi-driven net on pin count_reg[6] with 1st driver pin 'count_reg[6]/Q' [C:/HDL/lab2/lab2.srcs/sources_1/new/lab2.v:41]
CRITICAL WARNING: [Synth 8-6859] multi-driven net on pin count_reg[6] with 2nd driver pin 'GND' [C:/HDL/lab2/lab2.srcs/sources_1/new/lab2.v:41]
CRITICAL WARNING: [Synth 8-6858] multi-driven net count_reg[6] is connected to at least one constant driver which has been preserved, other driver is ignored [C:/HDL/lab2/lab2.srcs/sources_1/new/lab2.v:41]
CRITICAL WARNING: [Synth 8-6859] multi-driven net on pin count_reg[5] with 1st driver pin 'count_reg[5]/Q' [C:/HDL/lab2/lab2.srcs/sources_1/new/lab2.v:41]
CRITICAL WARNING: [Synth 8-6859] multi-driven net on pin count_reg[5] with 2nd driver pin 'GND' [C:/HDL/lab2/lab2.srcs/sources_1/new/lab2.v:41]
CRITICAL WARNING: [Synth 8-6858] multi-driven net count_reg[5] is connected to at least one constant driver which has been preserved, other driver is ignored [C:/HDL/lab2/lab2.srcs/sources_1/new/lab2.v:41]
CRITICAL WARNING: [Synth 8-6859] multi-driven net on pin count_reg[4] with 1st driver pin 'count_reg[4]/Q' [C:/HDL/lab2/lab2.srcs/sources_1/new/lab2.v:41]
CRITICAL WARNING: [Synth 8-6859] multi-driven net on pin count_reg[4] with 2nd driver pin 'GND' [C:/HDL/lab2/lab2.srcs/sources_1/new/lab2.v:41]
CRITICAL WARNING: [Synth 8-6858] multi-driven net count_reg[4] is connected to at least one constant driver which has been preserved, other driver is ignored [C:/HDL/lab2/lab2.srcs/sources_1/new/lab2.v:41]
CRITICAL WARNING: [Synth 8-6859] multi-driven net on pin count_reg[3] with 1st driver pin 'count_reg[3]/Q' [C:/HDL/lab2/lab2.srcs/sources_1/new/lab2.v:41]
CRITICAL WARNING: [Synth 8-6859] multi-driven net on pin count_reg[3] with 2nd driver pin 'GND' [C:/HDL/lab2/lab2.srcs/sources_1/new/lab2.v:41]
CRITICAL WARNING: [Synth 8-6858] multi-driven net count_reg[3] is connected to at least one constant driver which has been preserved, other driver is ignored [C:/HDL/lab2/lab2.srcs/sources_1/new/lab2.v:41]
CRITICAL WARNING: [Synth 8-6859] multi-driven net on pin count_reg[2] with 1st driver pin 'count_reg[2]/Q' [C:/HDL/lab2/lab2.srcs/sources_1/new/lab2.v:41]
CRITICAL WARNING: [Synth 8-6859] multi-driven net on pin count_reg[2] with 2nd driver pin 'GND' [C:/HDL/lab2/lab2.srcs/sources_1/new/lab2.v:41]
CRITICAL WARNING: [Synth 8-6858] multi-driven net count_reg[2] is connected to at least one constant driver which has been preserved, other driver is ignored [C:/HDL/lab2/lab2.srcs/sources_1/new/lab2.v:41]
CRITICAL WARNING: [Synth 8-6859] multi-driven net on pin count_reg[1] with 1st driver pin 'count_reg[1]/Q' [C:/HDL/lab2/lab2.srcs/sources_1/new/lab2.v:41]
CRITICAL WARNING: [Synth 8-6859] multi-driven net on pin count_reg[1] with 2nd driver pin 'GND' [C:/HDL/lab2/lab2.srcs/sources_1/new/lab2.v:41]
CRITICAL WARNING: [Synth 8-6858] multi-driven net count_reg[1] is connected to at least one constant driver which has been preserved, other driver is ignored [C:/HDL/lab2/lab2.srcs/sources_1/new/lab2.v:41]
CRITICAL WARNING: [Synth 8-6859] multi-driven net on pin count_reg[0] with 1st driver pin 'count_reg[0]/Q' [C:/HDL/lab2/lab2.srcs/sources_1/new/lab2.v:41]
CRITICAL WARNING: [Synth 8-6859] multi-driven net on pin count_reg[0] with 2nd driver pin 'VCC' [C:/HDL/lab2/lab2.srcs/sources_1/new/lab2.v:41]
CRITICAL WARNING: [Synth 8-6858] multi-driven net count_reg[0] is connected to at least one constant driver which has been preserved, other driver is ignored [C:/HDL/lab2/lab2.srcs/sources_1/new/lab2.v:41]
CRITICAL WARNING: [Synth 8-6859] multi-driven net on pin led_o_reg with 1st driver pin 'led_o_reg/Q' [C:/HDL/lab2/lab2.srcs/sources_1/new/lab2.v:42]
CRITICAL WARNING: [Synth 8-6859] multi-driven net on pin led_o_reg with 2nd driver pin 'GND' [C:/HDL/lab2/lab2.srcs/sources_1/new/lab2.v:42]
CRITICAL WARNING: [Synth 8-6858] multi-driven net led_o_reg is connected to at least one constant driver which has been preserved, other driver is ignored [C:/HDL/lab2/lab2.srcs/sources_1/new/lab2.v:42]
---------------------------------------------------------------------------------
Finished Cross Boundary and Area Optimization : Time (s): cpu = 00:00:28 ; elapsed = 00:00:30 . Memory (MB): peak = 1503.684 ; gain = 616.293
---------------------------------------------------------------------------------
---------------------------------------------------------------------------------
Start Applying XDC Timing Constraints
---------------------------------------------------------------------------------
---------------------------------------------------------------------------------
Finished Applying XDC Timing Constraints : Time (s): cpu = 00:00:36 ; elapsed = 00:00:38 . Memory (MB): peak = 1503.684 ; gain = 616.293
---------------------------------------------------------------------------------
---------------------------------------------------------------------------------
Start Timing Optimization
---------------------------------------------------------------------------------
---------------------------------------------------------------------------------
Finished Timing Optimization : Time (s): cpu = 00:00:36 ; elapsed = 00:00:38 . Memory (MB): peak = 1503.684 ; gain = 616.293
---------------------------------------------------------------------------------
---------------------------------------------------------------------------------
Start Technology Mapping
---------------------------------------------------------------------------------
---------------------------------------------------------------------------------
Finished Technology Mapping : Time (s): cpu = 00:00:36 ; elapsed = 00:00:38 . Memory (MB): peak = 1503.684 ; gain = 616.293
---------------------------------------------------------------------------------
---------------------------------------------------------------------------------
Start IO Insertion
---------------------------------------------------------------------------------
---------------------------------------------------------------------------------
Start Flattening Before IO Insertion
---------------------------------------------------------------------------------
---------------------------------------------------------------------------------
Finished Flattening Before IO Insertion
---------------------------------------------------------------------------------
---------------------------------------------------------------------------------
Start Final Netlist Cleanup
---------------------------------------------------------------------------------
---------------------------------------------------------------------------------
Finished Final Netlist Cleanup
---------------------------------------------------------------------------------
---------------------------------------------------------------------------------
Finished IO Insertion : Time (s): cpu = 00:00:45 ; elapsed = 00:00:47 . Memory (MB): peak = 1503.684 ; gain = 616.293
---------------------------------------------------------------------------------
---------------------------------------------------------------------------------
Start Renaming Generated Instances
---------------------------------------------------------------------------------
---------------------------------------------------------------------------------
Finished Renaming Generated Instances : Time (s): cpu = 00:00:45 ; elapsed = 00:00:47 . Memory (MB): peak = 1503.684 ; gain = 616.293
---------------------------------------------------------------------------------
---------------------------------------------------------------------------------
Start Rebuilding User Hierarchy
---------------------------------------------------------------------------------
---------------------------------------------------------------------------------
Finished Rebuilding User Hierarchy : Time (s): cpu = 00:00:45 ; elapsed = 00:00:47 . Memory (MB): peak = 1503.684 ; gain = 616.293
---------------------------------------------------------------------------------
---------------------------------------------------------------------------------
Start Renaming Generated Ports
---------------------------------------------------------------------------------
---------------------------------------------------------------------------------
Finished Renaming Generated Ports : Time (s): cpu = 00:00:45 ; elapsed = 00:00:47 . Memory (MB): peak = 1503.684 ; gain = 616.293
---------------------------------------------------------------------------------
---------------------------------------------------------------------------------
Start Handling Custom Attributes
---------------------------------------------------------------------------------
---------------------------------------------------------------------------------
Finished Handling Custom Attributes : Time (s): cpu = 00:00:45 ; elapsed = 00:00:47 . Memory (MB): peak = 1503.684 ; gain = 616.293
---------------------------------------------------------------------------------
---------------------------------------------------------------------------------
Start Renaming Generated Nets
---------------------------------------------------------------------------------
---------------------------------------------------------------------------------
Finished Renaming Generated Nets : Time (s): cpu = 00:00:45 ; elapsed = 00:00:47 . Memory (MB): peak = 1503.684 ; gain = 616.293
---------------------------------------------------------------------------------
---------------------------------------------------------------------------------
Start Writing Synthesis Report
---------------------------------------------------------------------------------

Report BlackBoxes: 
+-+--------------+----------+
| |BlackBox name |Instances |
+-+--------------+----------+
+-+--------------+----------+

Report Cell Usage: 
+------+-----+------+
|      |Cell |Count |
+------+-----+------+
|1     |OBUF |     1|
+------+-----+------+
---------------------------------------------------------------------------------
Finished Writing Synthesis Report : Time (s): cpu = 00:00:45 ; elapsed = 00:00:47 . Memory (MB): peak = 1503.684 ; gain = 616.293
---------------------------------------------------------------------------------
Synthesis finished with 0 errors, 99 critical warnings and 3 warnings.
Synthesis Optimization Runtime : Time (s): cpu = 00:00:30 ; elapsed = 00:00:44 . Memory (MB): peak = 1503.684 ; gain = 546.891
Synthesis Optimization Complete : Time (s): cpu = 00:00:45 ; elapsed = 00:00:47 . Memory (MB): peak = 1503.684 ; gain = 616.293
INFO: [Project 1-571] Translating synthesized netlist
Netlist sorting complete. Time (s): cpu = 00:00:00 ; elapsed = 00:00:00 . Memory (MB): peak = 1503.684 ; gain = 0.000
INFO: [Project 1-570] Preparing netlist for logic optimization
INFO: [Opt 31-138] Pushed 0 inverter(s) to 0 load pin(s).
Netlist sorting complete. Time (s): cpu = 00:00:00 ; elapsed = 00:00:00 . Memory (MB): peak = 1503.684 ; gain = 0.000
INFO: [Project 1-111] Unisim Transformation Summary:
No Unisim elements were transformed.

System nie mo푘 odnale쳠 okre쁫onej 쁟ie푟i.
Synth Design complete | Checksum: 49f08792
INFO: [Common 17-83] Releasing license: Synthesis
21 Infos, 6 Warnings, 99 Critical Warnings and 0 Errors encountered.
synth_design completed successfully
synth_design: Time (s): cpu = 00:00:52 ; elapsed = 00:00:56 . Memory (MB): peak = 1503.684 ; gain = 1026.090
INFO: [runtcl-6] Synthesis results are not added to the cache due to CRITICAL_WARNING
Write ShapeDB Complete: Time (s): cpu = 00:00:00 ; elapsed = 00:00:00.001 . Memory (MB): peak = 1503.684 ; gain = 0.000
INFO: [Common 17-1381] The checkpoint 'C:/HDL/lab2/lab2.runs/synth_1/lab2.dcp' has been generated.
INFO: [runtcl-4] Executing : report_utilization -file lab2_utilization_synth.rpt -pb lab2_utilization_synth.pb
INFO: [Common 17-206] Exiting Vivado at Mon Mar 31 16:22:49 2025...
